plugin_app(gt_ido)/android/app/build/intermediates/manifest_merge_blame_file/armDebug/manifest-merger-blame-arm-debug-report.txt
1<?xml version="1.0" encoding="utf-8"?>
2<manifest xmlns:android="http://schemas.android.com/apk/res/android"
3    package="com.tencent.weauth"
4    android:versionCode="100"
5    android:versionName="0.0.1" >
6
7    <uses-sdk
7-->src/main/AndroidManifest.xml:5:5-59
8        xmlns:android="http://schemas.android.com/apk/res/android"
8-->[com.tencent.luggage:wxa-standalone-open-runtime-SaaA-plugin-sdk:1.0.8] AndroidManifest.xml:7:9-67
9        android:minSdkVersion="21"
9-->src/main/AndroidManifest.xml:5:5-59
10        android:targetSdkVersion="29" />
10-->src/main/AndroidManifest.xml:5:5-59
11
12    <uses-permission
12-->src/main/AndroidManifest.xml:6:5-67
13        xmlns:android="http://schemas.android.com/apk/res/android"
13-->[com.tencent.luggage:wxa-standalone-open-runtime-SaaA-plugin-sdk:1.0.8] AndroidManifest.xml:31:9-67
14        android:name="android.permission.INTERNET" /> <!-- 网络通信 -->
14-->src/main/AndroidManifest.xml:6:22-64
15    <uses-permission
15-->src/main/AndroidManifest.xml:7:5-79
16        xmlns:android="http://schemas.android.com/apk/res/android"
16-->[com.tencent.luggage:wxa-standalone-open-runtime-SaaA-plugin-sdk:1.0.8] AndroidManifest.xml:34:9-67
17        android:name="android.permission.ACCESS_NETWORK_STATE" />
17-->src/main/AndroidManifest.xml:7:22-76
18    <uses-permission android:name="android.permission.ACCESS_COARSE_LOCATION" />
18-->src/main/AndroidManifest.xml:8:5-81
18-->src/main/AndroidManifest.xml:8:22-78
19    <uses-permission android:name="android.permission.ACCESS_FINE_LOCATION" />
19-->src/main/AndroidManifest.xml:9:5-79
19-->src/main/AndroidManifest.xml:9:22-76
20    <uses-permission android:name="android.permission.RECORD_AUDIO" />
20-->src/main/AndroidManifest.xml:10:5-71
20-->src/main/AndroidManifest.xml:10:22-68
21    <uses-permission android:name="android.permission.REQUEST_INSTALL_PACKAGES" />
21-->src/main/AndroidManifest.xml:11:5-83
21-->src/main/AndroidManifest.xml:11:22-80
22
23    <queries package="com.tencent.weauth" >
23-->src/main/AndroidManifest.xml:13:5-15:15
23-->[com.tencent.luggage:wxa-standalone-open-runtime-SaaA-plugin-sdk:1.0.8] AndroidManifest.xml:12:14-40
24        <package android:name="com.tencent.mm" />
24-->src/main/AndroidManifest.xml:14:9-50
24-->src/main/AndroidManifest.xml:14:18-47
25        <package android:name="com.huawei.android.pushagent" />
25-->[:plugin] AndroidManifest.xml:50:9-64
25-->[:plugin] AndroidManifest.xml:50:18-61
26
27        <intent>
27-->[:plugin] AndroidManifest.xml:52:9-54:18
28            <action android:name="com.getui.vendor.action.push" />
28-->[:plugin] AndroidManifest.xml:53:13-67
28-->[:plugin] AndroidManifest.xml:53:21-64
29        </intent>
30        <intent>
30-->[:plugin] AndroidManifest.xml:55:9-57:18
31            <action android:name="com.sonymobile.action.service.DEVICE_SDK_INFO" />
31-->[:plugin] AndroidManifest.xml:56:13-84
31-->[:plugin] AndroidManifest.xml:56:21-81
32        </intent>
33        <intent>
33-->[:plugin] AndroidManifest.xml:58:9-60:18
34            <action android:name="com.huawei.hms.core.aidlservice" />
34-->[:plugin] AndroidManifest.xml:59:13-70
34-->[:plugin] AndroidManifest.xml:59:21-67
35        </intent>
36        <intent>
36-->[:plugin] AndroidManifest.xml:61:9-63:18
37            <action android:name="com.huawei.hms.core" />
37-->[:plugin] AndroidManifest.xml:62:13-58
37-->[:plugin] AndroidManifest.xml:62:21-55
38        </intent>
39
40        <package android:name="com.huawei.works" />
40-->[:plugin] AndroidManifest.xml:65:9-52
40-->[:plugin] AndroidManifest.xml:65:18-49
41
42        <intent>
42-->[com.tencent.luggage:wxa-standalone-open-runtime-SaaA-plugin-sdk:1.0.8] AndroidManifest.xml:13:9-16:18
43            <action android:name="android.media.action.IMAGE_CAPTURE" >
43-->[com.tencent.luggage:wxa-standalone-open-runtime-SaaA-plugin-sdk:1.0.8] AndroidManifest.xml:14:13-15:22
43-->[com.tencent.luggage:wxa-standalone-open-runtime-SaaA-plugin-sdk:1.0.8] AndroidManifest.xml:14:21-70
44            </action>
45        </intent>
46        <intent>
46-->[com.tencent.luggage:wxa-standalone-open-runtime-SaaA-plugin-sdk:1.0.8] AndroidManifest.xml:17:9-20:18
47            <action android:name="android.media.action.ACTION_VIDEO_CAPTURE" >
47-->[com.tencent.luggage:wxa-standalone-open-runtime-SaaA-plugin-sdk:1.0.8] AndroidManifest.xml:18:13-19:22
47-->[com.tencent.luggage:wxa-standalone-open-runtime-SaaA-plugin-sdk:1.0.8] AndroidManifest.xml:18:21-77
48            </action>
49        </intent>
50    </queries>
51
52    <uses-permission android:name="android.permission.POST_NOTIFICATION" />
52-->[:plugin] AndroidManifest.xml:13:5-76
52-->[:plugin] AndroidManifest.xml:13:22-73
53    <uses-permission android:name="android.permission.READ_PHONE_STATE" />
53-->[:plugin] AndroidManifest.xml:14:5-75
53-->[:plugin] AndroidManifest.xml:14:22-72
54    <uses-permission
54-->[:plugin] AndroidManifest.xml:16:5-76
55        xmlns:android="http://schemas.android.com/apk/res/android"
55-->[com.tencent.luggage:wxa-standalone-open-runtime-SaaA-plugin-sdk:1.0.8] AndroidManifest.xml:40:9-67
56        android:name="android.permission.ACCESS_WIFI_STATE" />
56-->[:plugin] AndroidManifest.xml:16:22-73
57    <uses-permission
57-->[:plugin] AndroidManifest.xml:17:5-66
58        xmlns:android="http://schemas.android.com/apk/res/android"
58-->[com.tencent.luggage:wxa-standalone-open-runtime-SaaA-plugin-sdk:1.0.8] AndroidManifest.xml:25:9-67
59        android:name="android.permission.VIBRATE" />
59-->[:plugin] AndroidManifest.xml:17:22-63
60    <uses-permission android:name="android.permission.GET_TASKS" /> <!-- oppo android12  需要 alarm权限 -->
60-->[:plugin] AndroidManifest.xml:18:5-68
60-->[:plugin] AndroidManifest.xml:18:22-65
61    <uses-permission android:name="android.permission.SCHEDULE_EXACT_ALARM" />
61-->[:plugin] AndroidManifest.xml:19:5-79
61-->[:plugin] AndroidManifest.xml:19:22-76
62    <uses-permission android:name="getui.permission.GetuiService.com.tencent.weauth" /> <!-- vivo角标 -->
62-->[:plugin] AndroidManifest.xml:20:5-86
62-->[:plugin] AndroidManifest.xml:20:22-83
63    <uses-permission android:name="com.vivo.notification.permission.BADGE_ICON" />
63-->[:plugin] AndroidManifest.xml:21:5-83
63-->[:plugin] AndroidManifest.xml:21:22-80
64
65    <permission
65-->[:plugin] AndroidManifest.xml:23:5-25:47
66        android:name="getui.permission.GetuiService.com.tencent.weauth"
66-->[:plugin] AndroidManifest.xml:24:9-70
67        android:protectionLevel="signature" />
67-->[:plugin] AndroidManifest.xml:25:9-44
68
69    <uses-permission android:name="android.permission.QUERY_ALL_PACKAGES" />
69-->[:plugin] AndroidManifest.xml:27:5-77
69-->[:plugin] AndroidManifest.xml:27:22-74
70    <uses-permission android:name="android.permission.ACCESS_BACKGROUND_LOCATION" /> <!-- sd卡读取权限 -->
70-->[:plugin] AndroidManifest.xml:30:5-85
70-->[:plugin] AndroidManifest.xml:30:22-82
71    <uses-permission
71-->[:plugin] AndroidManifest.xml:31:5-81
72        xmlns:android="http://schemas.android.com/apk/res/android"
72-->[com.tencent.luggage:wxa-standalone-open-runtime-SaaA-plugin-sdk:1.0.8] AndroidManifest.xml:43:9-67
73        android:name="android.permission.WRITE_EXTERNAL_STORAGE" />
73-->[:plugin] AndroidManifest.xml:31:22-78
74    <uses-permission android:name="android.permission.ACCESS_LOCATION_EXTRA_COMMANDS" />
74-->[:plugin] AndroidManifest.xml:32:5-89
74-->[:plugin] AndroidManifest.xml:32:22-86
75    <uses-permission
75-->[:plugin] AndroidManifest.xml:33:5-68
76        xmlns:android="http://schemas.android.com/apk/res/android"
76-->[com.tencent.luggage:wxa-standalone-open-runtime-SaaA-plugin-sdk:1.0.8] AndroidManifest.xml:84:9-67
77        android:name="android.permission.BLUETOOTH" />
77-->[:plugin] AndroidManifest.xml:33:22-65
78    <uses-permission
78-->[:plugin] AndroidManifest.xml:34:5-74
79        xmlns:android="http://schemas.android.com/apk/res/android"
79-->[com.tencent.luggage:wxa-standalone-open-runtime-SaaA-plugin-sdk:1.0.8] AndroidManifest.xml:87:9-67
80        android:name="android.permission.BLUETOOTH_ADMIN" />
80-->[:plugin] AndroidManifest.xml:34:22-71
81
82    <permission
82-->[:plugin] AndroidManifest.xml:36:5-38:47
83        android:name="com.tencent.weauth.permission.PROCESS_PUSH_MSG"
83-->[:plugin] AndroidManifest.xml:37:9-68
84        android:protectionLevel="signature" /> <!-- PUSH_PROVIDER and PUSH_WRITE_PROVIDER are both provider registered permissions for the notification switch. -->
84-->[:plugin] AndroidManifest.xml:38:9-44
85    <!-- The SDK's notification bar switch, EMUI 9.x becomes write to the local sp, sharing the file through the provider to the push-rom, which reads the sp file to get the status of the notification bar switch. -->
86    <permission
86-->[:plugin] AndroidManifest.xml:40:5-42:47
87        android:name="com.tencent.weauth.permission.PUSH_PROVIDER"
87-->[:plugin] AndroidManifest.xml:41:9-65
88        android:protectionLevel="signature" />
88-->[:plugin] AndroidManifest.xml:42:9-44
89    <permission
89-->[:plugin] AndroidManifest.xml:43:5-45:47
90        android:name="com.tencent.weauth.permission.PUSH_WRITE_PROVIDER"
90-->[:plugin] AndroidManifest.xml:44:9-71
91        android:protectionLevel="signature" />
91-->[:plugin] AndroidManifest.xml:45:9-44
92
93    <uses-permission android:name="com.tencent.weauth.permission.PROCESS_PUSH_MSG" />
93-->[:plugin] AndroidManifest.xml:47:5-84
93-->[:plugin] AndroidManifest.xml:47:22-81
94    <uses-permission android:name="com.tencent.weauth.permission.PUSH_PROVIDER" />
94-->[:plugin] AndroidManifest.xml:48:5-81
94-->[:plugin] AndroidManifest.xml:48:22-78
95    <uses-permission android:name="android.permission.POST_NOTIFICATIONS" />
95-->[:plugin] AndroidManifest.xml:68:5-77
95-->[:plugin] AndroidManifest.xml:68:22-74
96
97    <permission
97-->[:plugin] AndroidManifest.xml:70:5-72:47
98        android:name="com.tencent.weauth.permission.MIPUSH_RECEIVE"
98-->[:plugin] AndroidManifest.xml:71:9-66
99        android:protectionLevel="signature" />
99-->[:plugin] AndroidManifest.xml:72:9-44
100
101    <uses-permission android:name="com.tencent.weauth.permission.MIPUSH_RECEIVE" />
101-->[:plugin] AndroidManifest.xml:74:5-82
101-->[:plugin] AndroidManifest.xml:74:22-79
102    <uses-permission android:name="com.coloros.mcs.permission.RECIEVE_MCS_MESSAGE" />
102-->[:plugin] AndroidManifest.xml:75:5-86
102-->[:plugin] AndroidManifest.xml:75:22-83
103    <uses-permission android:name="com.heytap.mcs.permission.RECIEVE_MCS_MESSAGE" /> <!-- 魅族 -->
103-->[:plugin] AndroidManifest.xml:76:5-85
103-->[:plugin] AndroidManifest.xml:76:22-82
104    <uses-permission android:name="com.meizu.flyme.push.permission.RECEIVE" />
104-->[:plugin] AndroidManifest.xml:77:5-79
104-->[:plugin] AndroidManifest.xml:77:22-76
105    <uses-permission android:name="com.meizu.c2dm.permission.RECEIVE" />
105-->[:plugin] AndroidManifest.xml:78:5-73
105-->[:plugin] AndroidManifest.xml:78:22-70
106    <uses-permission android:name="com.tencent.weauth.push.permission.MESSAGE" />
106-->[:plugin] AndroidManifest.xml:79:5-80
106-->[:plugin] AndroidManifest.xml:79:22-77
107    <uses-permission android:name="com.tencent.weauth.permission.C2D_MESSAGE" />
107-->[:plugin] AndroidManifest.xml:80:5-79
107-->[:plugin] AndroidManifest.xml:80:22-76
108
109    <permission
109-->[:plugin] AndroidManifest.xml:82:5-84:47
110        android:name="com.tencent.weauth.push.permission.MESSAGE"
110-->[:plugin] AndroidManifest.xml:83:9-64
111        android:protectionLevel="signature" />
111-->[:plugin] AndroidManifest.xml:84:9-44
112    <permission
112-->[:plugin] AndroidManifest.xml:85:5-87:47
113        android:name="com.tencent.weauth.permission.C2D_MESSAGE"
113-->[:plugin] AndroidManifest.xml:86:9-63
114        android:protectionLevel="signature" />
114-->[:plugin] AndroidManifest.xml:87:9-44
115
116    <uses-permission android:name="com.meizu.flyme.permission.PUSH" />
116-->[:plugin] AndroidManifest.xml:89:5-71
116-->[:plugin] AndroidManifest.xml:89:22-68
117    <uses-permission android:name="com.hihonor.push.permission.READ_PUSH_NOTIFICATION_INFO" />
117-->[:plugin] AndroidManifest.xml:90:5-95
117-->[:plugin] AndroidManifest.xml:90:22-92
118    <uses-permission
118-->[com.tencent.luggage:wxa-standalone-open-runtime-SaaA-plugin-sdk:1.0.8] AndroidManifest.xml:27:5-29:56
119        xmlns:android="http://schemas.android.com/apk/res/android"
119-->[com.tencent.luggage:wxa-standalone-open-runtime-SaaA-plugin-sdk:1.0.8] AndroidManifest.xml:28:9-67
120        android:name="android.permission.ALARM_LOCK" />
120-->[com.tencent.luggage:wxa-standalone-open-runtime-SaaA-plugin-sdk:1.0.8] AndroidManifest.xml:29:9-53
121    <uses-permission
121-->[com.tencent.luggage:wxa-standalone-open-runtime-SaaA-plugin-sdk:1.0.8] AndroidManifest.xml:36:5-38:55
122        xmlns:android="http://schemas.android.com/apk/res/android"
122-->[com.tencent.luggage:wxa-standalone-open-runtime-SaaA-plugin-sdk:1.0.8] AndroidManifest.xml:37:9-67
123        android:name="android.permission.WAKE_LOCK" />
123-->[com.tencent.luggage:wxa-standalone-open-runtime-SaaA-plugin-sdk:1.0.8] AndroidManifest.xml:38:9-52
124
125    <permission
125-->[com.tencent.luggage:wxa-standalone-open-runtime-SaaA-plugin-sdk:1.0.8] AndroidManifest.xml:46:5-49:47
126        xmlns:android="http://schemas.android.com/apk/res/android"
126-->[com.tencent.luggage:wxa-standalone-open-runtime-SaaA-plugin-sdk:1.0.8] AndroidManifest.xml:47:9-67
127        android:name="com.tencent.weauth.vfs.broadcast"
127-->[com.tencent.luggage:wxa-standalone-open-runtime-SaaA-plugin-sdk:1.0.8] AndroidManifest.xml:48:9-54
128        android:protectionLevel="signature" />
128-->[com.tencent.luggage:wxa-standalone-open-runtime-SaaA-plugin-sdk:1.0.8] AndroidManifest.xml:49:9-44
129
130    <uses-permission
130-->[com.tencent.luggage:wxa-standalone-open-runtime-SaaA-plugin-sdk:1.0.8] AndroidManifest.xml:51:5-53:57
131        xmlns:android="http://schemas.android.com/apk/res/android"
131-->[com.tencent.luggage:wxa-standalone-open-runtime-SaaA-plugin-sdk:1.0.8] AndroidManifest.xml:52:9-67
132        android:name="com.tencent.weauth.vfs.broadcast" />
132-->[com.tencent.luggage:wxa-standalone-open-runtime-SaaA-plugin-sdk:1.0.8] AndroidManifest.xml:53:9-54
133    <uses-permission
133-->[com.tencent.luggage:wxa-standalone-open-runtime-SaaA-plugin-sdk:1.0.8] AndroidManifest.xml:54:5-56:73
134        xmlns:android="http://schemas.android.com/apk/res/android"
134-->[com.tencent.luggage:wxa-standalone-open-runtime-SaaA-plugin-sdk:1.0.8] AndroidManifest.xml:55:9-67
135        android:name="android.permission.CHANGE_WIFI_MULTICAST_STATE" />
135-->[com.tencent.luggage:wxa-standalone-open-runtime-SaaA-plugin-sdk:1.0.8] AndroidManifest.xml:56:9-70
136    <uses-permission
136-->[com.tencent.luggage:wxa-standalone-open-runtime-SaaA-plugin-sdk:1.0.8] AndroidManifest.xml:57:5-60:35
137        xmlns:android="http://schemas.android.com/apk/res/android"
137-->[com.tencent.luggage:wxa-standalone-open-runtime-SaaA-plugin-sdk:1.0.8] AndroidManifest.xml:58:9-67
138        android:name="android.permission.CAMERA"
138-->[com.tencent.luggage:wxa-standalone-open-runtime-SaaA-plugin-sdk:1.0.8] AndroidManifest.xml:59:9-49
139        android:required="true" />
139-->[com.tencent.luggage:wxa-standalone-open-runtime-SaaA-plugin-sdk:1.0.8] AndroidManifest.xml:60:9-32
140
141    <uses-feature
141-->[com.tencent.luggage:wxa-standalone-open-runtime-SaaA-plugin-sdk:1.0.8] AndroidManifest.xml:62:5-65:35
142        xmlns:android="http://schemas.android.com/apk/res/android"
142-->[com.tencent.luggage:wxa-standalone-open-runtime-SaaA-plugin-sdk:1.0.8] AndroidManifest.xml:63:9-67
143        android:name="android.hardware.camera"
143-->[com.tencent.luggage:wxa-standalone-open-runtime-SaaA-plugin-sdk:1.0.8] AndroidManifest.xml:64:9-47
144        android:required="true" />
144-->[com.tencent.luggage:wxa-standalone-open-runtime-SaaA-plugin-sdk:1.0.8] AndroidManifest.xml:65:9-32
145    <uses-feature
145-->[com.tencent.luggage:wxa-standalone-open-runtime-SaaA-plugin-sdk:1.0.8] AndroidManifest.xml:66:5-69:36
146        xmlns:android="http://schemas.android.com/apk/res/android"
146-->[com.tencent.luggage:wxa-standalone-open-runtime-SaaA-plugin-sdk:1.0.8] AndroidManifest.xml:67:9-67
147        android:name="android.hardware.camera.autofocus"
147-->[com.tencent.luggage:wxa-standalone-open-runtime-SaaA-plugin-sdk:1.0.8] AndroidManifest.xml:68:9-57
148        android:required="false" />
148-->[com.tencent.luggage:wxa-standalone-open-runtime-SaaA-plugin-sdk:1.0.8] AndroidManifest.xml:69:9-33
149
150    <uses-permission
150-->[com.tencent.luggage:wxa-standalone-open-runtime-SaaA-plugin-sdk:1.0.8] AndroidManifest.xml:71:5-73:66
151        xmlns:android="http://schemas.android.com/apk/res/android"
151-->[com.tencent.luggage:wxa-standalone-open-runtime-SaaA-plugin-sdk:1.0.8] AndroidManifest.xml:72:9-67
152        android:name="android.permission.CHANGE_NETWORK_STATE" />
152-->[com.tencent.luggage:wxa-standalone-open-runtime-SaaA-plugin-sdk:1.0.8] AndroidManifest.xml:73:9-63
153    <uses-permission
153-->[com.tencent.luggage:wxa-standalone-open-runtime-SaaA-plugin-sdk:1.0.8] AndroidManifest.xml:74:5-76:63
154        xmlns:android="http://schemas.android.com/apk/res/android"
154-->[com.tencent.luggage:wxa-standalone-open-runtime-SaaA-plugin-sdk:1.0.8] AndroidManifest.xml:75:9-67
155        android:name="android.permission.CHANGE_WIFI_STATE" />
155-->[com.tencent.luggage:wxa-standalone-open-runtime-SaaA-plugin-sdk:1.0.8] AndroidManifest.xml:76:9-60
156    <uses-permission
156-->[com.tencent.luggage:wxa-standalone-open-runtime-SaaA-plugin-sdk:1.0.8] AndroidManifest.xml:77:5-79:49
157        xmlns:android="http://schemas.android.com/apk/res/android"
157-->[com.tencent.luggage:wxa-standalone-open-runtime-SaaA-plugin-sdk:1.0.8] AndroidManifest.xml:78:9-67
158        android:name="android.permission.NFC" />
158-->[com.tencent.luggage:wxa-standalone-open-runtime-SaaA-plugin-sdk:1.0.8] AndroidManifest.xml:79:9-46
159    <uses-permission
159-->[com.tencent.luggage:wxa-standalone-open-runtime-SaaA-plugin-sdk:1.0.8] AndroidManifest.xml:80:5-82:64
160        xmlns:android="http://schemas.android.com/apk/res/android"
160-->[com.tencent.luggage:wxa-standalone-open-runtime-SaaA-plugin-sdk:1.0.8] AndroidManifest.xml:81:9-67
161        android:name="android.permission.FOREGROUND_SERVICE" />
161-->[com.tencent.luggage:wxa-standalone-open-runtime-SaaA-plugin-sdk:1.0.8] AndroidManifest.xml:82:9-61
162    <uses-permission
162-->[com.tencent.luggage:wxa-standalone-open-runtime-SaaA-plugin-sdk:1.0.8] AndroidManifest.xml:89:5-91:67
163        xmlns:android="http://schemas.android.com/apk/res/android"
163-->[com.tencent.luggage:wxa-standalone-open-runtime-SaaA-plugin-sdk:1.0.8] AndroidManifest.xml:90:9-67
164        android:name="android.permission.READ_EXTERNAL_STORAGE" />
164-->[com.tencent.luggage:wxa-standalone-open-runtime-SaaA-plugin-sdk:1.0.8] AndroidManifest.xml:91:9-64
165
166    <permission
166-->[com.tencent.luggage:wxa-standalone-open-runtime-SaaA-plugin-sdk:1.0.8] AndroidManifest.xml:93:5-96:44
167        xmlns:android="http://schemas.android.com/apk/res/android"
167-->[com.tencent.luggage:wxa-standalone-open-runtime-SaaA-plugin-sdk:1.0.8] AndroidManifest.xml:94:9-67
168        android:name="com.tencent.weauth.voiceassist.permission.READ"
168-->[com.tencent.luggage:wxa-standalone-open-runtime-SaaA-plugin-sdk:1.0.8] AndroidManifest.xml:95:9-68
169        android:protectionLevel="normal" />
169-->[com.tencent.luggage:wxa-standalone-open-runtime-SaaA-plugin-sdk:1.0.8] AndroidManifest.xml:96:9-41
170    <permission
170-->[com.tencent.luggage:wxa-standalone-open-runtime-SaaA-plugin-sdk:1.0.8] AndroidManifest.xml:97:5-100:44
171        xmlns:android="http://schemas.android.com/apk/res/android"
171-->[com.tencent.luggage:wxa-standalone-open-runtime-SaaA-plugin-sdk:1.0.8] AndroidManifest.xml:98:9-67
172        android:name="com.tencent.weauth.voiceassist.permission.WRITE"
172-->[com.tencent.luggage:wxa-standalone-open-runtime-SaaA-plugin-sdk:1.0.8] AndroidManifest.xml:99:9-69
173        android:protectionLevel="normal" />
173-->[com.tencent.luggage:wxa-standalone-open-runtime-SaaA-plugin-sdk:1.0.8] AndroidManifest.xml:100:9-41
174
175    <application
175-->src/main/AndroidManifest.xml:17:5-59:19
176        xmlns:android="http://schemas.android.com/apk/res/android"
176-->[com.tencent.luggage:wxa-standalone-open-runtime-SaaA-plugin-sdk:1.0.8] AndroidManifest.xml:103:9-67
177        android:name="com.tencent.weauth.DemoApplication"
177-->src/main/AndroidManifest.xml:18:9-40
178        android:allowBackup="false"
178-->src/main/AndroidManifest.xml:19:9-36
179        android:appComponentFactory="androidx.core.app.CoreComponentFactory"
179-->[androidx.core:core:1.6.0] AndroidManifest.xml:24:18-86
180        android:debuggable="true"
181        android:icon="@mipmap/ic_launcher"
181-->src/main/AndroidManifest.xml:20:9-43
182        android:label="@string/app_name"
182-->src/main/AndroidManifest.xml:21:9-41
183        android:persistent="true"
183-->src/main/AndroidManifest.xml:22:9-34
184        android:requestLegacyExternalStorage="true"
184-->[com.tencent.luggage:wxa-standalone-open-runtime-SaaA-plugin-sdk:1.0.8] AndroidManifest.xml:105:9-52
185        android:supportsRtl="true"
185-->[:plugin] AndroidManifest.xml:94:9-35
186        android:testOnly="true"
187        android:theme="@style/Theme.App.Global"
187-->src/main/AndroidManifest.xml:23:9-48
188        android:usesCleartextTraffic="true" >
188-->[:plugin] AndroidManifest.xml:95:9-44
189
190        <!-- 兼容支持 -->
191        <uses-library
191-->src/main/AndroidManifest.xml:27:9-29:40
192            android:name="org.apache.http.legacy"
192-->src/main/AndroidManifest.xml:28:13-50
193            android:required="false" />
193-->src/main/AndroidManifest.xml:29:13-37
194
195        <activity
195-->src/main/AndroidManifest.xml:31:9-47:20
196            android:name="com.tencent.weauth.ui.MainActivity"
196-->src/main/AndroidManifest.xml:32:13-44
197            android:configChanges="keyboard|keyboardHidden|orientation|screenSize|smallestScreenSize|screenLayout|uiMode"
197-->src/main/AndroidManifest.xml:33:13-122
198            android:exported="true"
198-->src/main/AndroidManifest.xml:34:13-36
199            android:theme="@style/Theme.Translucent" >
199-->src/main/AndroidManifest.xml:35:13-53
200            <intent-filter>
200-->src/main/AndroidManifest.xml:36:13-40:29
201                <action android:name="android.intent.action.MAIN" />
201-->src/main/AndroidManifest.xml:37:17-69
201-->src/main/AndroidManifest.xml:37:25-66
202
203                <category android:name="android.intent.category.LAUNCHER" />
203-->src/main/AndroidManifest.xml:38:17-77
203-->src/main/AndroidManifest.xml:38:27-74
204                <category android:name="android.intent.category.DEFAULT" />
204-->src/main/AndroidManifest.xml:39:17-76
204-->src/main/AndroidManifest.xml:39:27-73
205            </intent-filter>
206            <intent-filter>
206-->src/main/AndroidManifest.xml:41:13-46:29
207                <action android:name="android.intent.action.VIEW" />
207-->src/main/AndroidManifest.xml:42:17-69
207-->src/main/AndroidManifest.xml:42:25-66
208
209                <category android:name="android.intent.category.DEFAULT" />
209-->src/main/AndroidManifest.xml:39:17-76
209-->src/main/AndroidManifest.xml:39:27-73
210                <category android:name="android.intent.category.BROWSABLE" />
210-->src/main/AndroidManifest.xml:44:17-78
210-->src/main/AndroidManifest.xml:44:27-75
211
212                <data android:scheme="__placeholder__" />
212-->src/main/AndroidManifest.xml:45:23-57
213            </intent-filter>
214        </activity>
215        <activity
215-->src/main/AndroidManifest.xml:49:9-52:39
216            android:name="com.tencent.weauth.wxapi.WXEntryActivity"
216-->src/main/AndroidManifest.xml:50:13-50
217            android:exported="true"
217-->src/main/AndroidManifest.xml:52:13-36
218            android:launchMode="singleTask" />
218-->src/main/AndroidManifest.xml:51:13-44
219        <activity
219-->src/main/AndroidManifest.xml:54:9-57:39
220            android:name="com.tencent.weauth.wxapi.WXPayEntryActivity"
220-->src/main/AndroidManifest.xml:55:13-53
221            android:exported="true"
221-->src/main/AndroidManifest.xml:57:13-36
222            android:launchMode="singleTask" />
222-->src/main/AndroidManifest.xml:56:13-44
223
224        <service
224-->[:plugin] AndroidManifest.xml:97:9-99:77
225            xmlns:android="http://schemas.android.com/apk/res/android"
225-->[:plugin] AndroidManifest.xml:98:13-71
226            android:name="com.donut.wxed34e654870cba42.PluginPushService" />
226-->[:plugin] AndroidManifest.xml:99:13-74
227        <service
227-->[:plugin] AndroidManifest.xml:100:9-102:79
228            xmlns:android="http://schemas.android.com/apk/res/android"
228-->[:plugin] AndroidManifest.xml:101:13-71
229            android:name="com.donut.wxed34e654870cba42.PluginIntentService" />
229-->[:plugin] AndroidManifest.xml:102:13-76
230        <!--
231          TODO: 由于donut还未开放多meta-data配置，和manifestPlaceholders配置， 需要在插件中配置相关推送参数，
232          TODO: 参考：https://docs.getui.com/getui/mobile/vendor/androidstudio/ 的1.3 配置应用参数
233        -->
234        <!-- TODO：测试参数，上传插件时替换成自己的 -->
235        <meta-data
235-->[:plugin] AndroidManifest.xml:111:9-114:45
236            android:name="GETUI_APPID"
236-->[:plugin] AndroidManifest.xml:112:13-39
237            android:value="djYjSlFVMf6p5YOy2OQUs8" />
237-->[:plugin] AndroidManifest.xml:113:13-51
238        <!--
239        TODO：厂商全不用可以填android:value="*" 不能删除meta-data，
240        TODO：下面例子中部分value携带"厂商_",如XM_ ， 填写value值"厂商_"不要动，正确值如："XM_你的值"
241        -->
242        <meta-data
242-->[:plugin] AndroidManifest.xml:120:9-123:45
243            android:name="com.huawei.hms.client.appid"
243-->[:plugin] AndroidManifest.xml:121:13-55
244            android:value="102527745" />
244-->[:plugin] AndroidManifest.xml:122:13-38
245        <meta-data
245-->[:plugin] AndroidManifest.xml:124:9-127:45
246            android:name="MIPUSH_APPID"
246-->[:plugin] AndroidManifest.xml:125:13-40
247            android:value="XM_2882303761518401094" />
247-->[:plugin] AndroidManifest.xml:126:13-51
248        <meta-data
248-->[:plugin] AndroidManifest.xml:128:9-131:45
249            android:name="MIPUSH_APPKEY"
249-->[:plugin] AndroidManifest.xml:129:13-41
250            android:value="XM_5301840122094" />
250-->[:plugin] AndroidManifest.xml:130:13-45
251        <meta-data
251-->[:plugin] AndroidManifest.xml:132:9-135:45
252            android:name="OPPOPUSH_APPKEY"
252-->[:plugin] AndroidManifest.xml:133:13-43
253            android:value="OP_6a59a992cd46469aaa6ca9857a035e0c" />
253-->[:plugin] AndroidManifest.xml:134:13-64
254        <meta-data
254-->[:plugin] AndroidManifest.xml:136:9-139:45
255            android:name="OPPOPUSH_APPSECRET"
255-->[:plugin] AndroidManifest.xml:137:13-46
256            android:value="OP_29d76998a6a04e00b901e4457b1fdfa0" />
256-->[:plugin] AndroidManifest.xml:138:13-64
257        <meta-data
257-->[:plugin] AndroidManifest.xml:140:9-143:45
258            android:name="com.vivo.push.api_key"
258-->[:plugin] AndroidManifest.xml:141:13-49
259            android:value="85230e35-6087-415c-bd3e-451f4835a1ef" />
259-->[:plugin] AndroidManifest.xml:142:13-65
260        <meta-data
260-->[:plugin] AndroidManifest.xml:144:9-147:45
261            android:name="com.vivo.push.app_id"
261-->[:plugin] AndroidManifest.xml:145:13-48
262            android:value="17675" />
262-->[:plugin] AndroidManifest.xml:146:13-34
263        <meta-data
263-->[:plugin] AndroidManifest.xml:148:9-151:45
264            android:name="api_key"
264-->[:plugin] AndroidManifest.xml:149:13-35
265            android:value="85230e35-6087-415c-bd3e-451f4835a1ef" />
265-->[:plugin] AndroidManifest.xml:150:13-65
266        <meta-data
266-->[:plugin] AndroidManifest.xml:152:9-155:45
267            android:name="app_id"
267-->[:plugin] AndroidManifest.xml:153:13-34
268            android:value="17675" />
268-->[:plugin] AndroidManifest.xml:154:13-34
269        <meta-data
269-->[:plugin] AndroidManifest.xml:156:9-159:45
270            android:name="MEIZUPUSH_APPID"
270-->[:plugin] AndroidManifest.xml:157:13-43
271            android:value="MZ_145221" />
271-->[:plugin] AndroidManifest.xml:158:13-38
272        <meta-data
272-->[:plugin] AndroidManifest.xml:160:9-163:45
273            android:name="MEIZUPUSH_APPKEY"
273-->[:plugin] AndroidManifest.xml:161:13-44
274            android:value="MZ_79e81a8441644ffba489a4301feef8dd" />
274-->[:plugin] AndroidManifest.xml:162:13-64
275        <meta-data
275-->[:plugin] AndroidManifest.xml:164:9-167:45
276            android:name="com.hihonor.push.app_id"
276-->[:plugin] AndroidManifest.xml:165:13-51
277            android:value="*****" /> <!-- ⽤来登记渠道的信息 -->
277-->[:plugin] AndroidManifest.xml:166:13-34
278        <meta-data
278-->[:plugin] AndroidManifest.xml:169:9-171:48
279            android:name="ZX_CHANNEL_ID"
279-->[:plugin] AndroidManifest.xml:170:13-41
280            android:value="C01-GEztJH0JLdBC" /> <!-- ⽤来注册登记第三⽅ SDK 的 AppId 信息 -->
280-->[:plugin] AndroidManifest.xml:171:13-45
281        <meta-data
281-->[:plugin] AndroidManifest.xml:172:9-174:68
282            android:name="ZX_APPID_GETUI"
282-->[:plugin] AndroidManifest.xml:173:13-42
283            android:value="913e6a50-c3b6-4989-8ac6-1ecb53649be3" /> <!-- 配置SDK核心服务 -->
283-->[:plugin] AndroidManifest.xml:174:13-65
284        <service
284-->[:plugin] AndroidManifest.xml:175:9-179:46
285            android:name="com.igexin.sdk.PushService"
285-->[:plugin] AndroidManifest.xml:176:13-54
286            android:exported="false"
286-->[:plugin] AndroidManifest.xml:177:13-37
287            android:label="NotificationCenter"
287-->[:plugin] AndroidManifest.xml:178:13-47
288            android:process=":pushservice" />